2025-08-30 22:29:36,667 - INFO - Mount point /mnt available, will backup to: /mnt/cinematch_backups
2025-08-30 22:29:43,178 - INFO - Mount point /mnt available, will backup to: /mnt/cinematch_backups
2025-08-30 22:29:43,178 - INFO - Starting full backup process - 20250830_222943
2025-08-30 22:29:43,178 - INFO - Starting database backup...
2025-08-30 22:29:43,324 - INFO - Database backup created: /backup/cinematch/cinematch_db_20250830_222943.sql.gz
2025-08-30 22:29:43,324 - INFO - Database backup size: 7129 bytes
2025-08-30 22:29:43,324 - INFO - Database backup checksum: 3c89633366e42e7d543045a138af77bed71c38bc6dc0aff03d7f1f05b0c69dba
2025-08-30 22:29:43,324 - INFO - Starting codebase backup...
2025-08-30 22:30:40,334 - INFO - Codebase backup created: /backup/cinematch/cinematch_code_20250830_222943.tar.gz
2025-08-30 22:30:40,334 - INFO - Codebase backup size: 112786560 bytes
2025-08-30 22:30:40,334 - INFO - Codebase backup checksum: 4d2a1b2410c670d63c3d4abb050eee532782911aea78232dfd7fc83923aecd0e
2025-08-30 22:30:40,336 - INFO - Successfully copied to /mnt: /mnt/cinematch_backups/cinematch_db_20250830_222943.sql.gz
2025-08-30 22:30:40,558 - INFO - Successfully copied to /mnt: /mnt/cinematch_backups/cinematch_code_20250830_222943.tar.gz
2025-08-30 22:30:40,566 - INFO - Backup manifest created: /backup/cinematch/backup_manifest_20250830_222943.json
2025-08-30 22:30:40,566 - INFO - Full backup completed successfully
2025-08-30 22:30:40,566 - INFO - Database backup: cinematch_db_20250830_222943.sql.gz (7129 bytes)
2025-08-30 22:30:40,566 - INFO - Codebase backup: cinematch_code_20250830_222943.tar.gz (112786560 bytes)
2025-08-30 22:30:40,566 - INFO - Mount backup: Success
2025-08-30 22:43:07,343 - INFO - Mount point /mnt available, will backup to: /mnt/cinematch_backups
2025-08-30 22:43:07,343 - INFO - Starting full backup process - 20250830_224307
2025-08-30 22:43:07,343 - INFO - Starting database backup...
2025-08-30 22:43:07,509 - INFO - Database backup created: /backup/cinematch/cinematch_db_20250830_224307.sql.gz
2025-08-30 22:43:07,509 - INFO - Database backup size: 7129 bytes
2025-08-30 22:43:07,509 - INFO - Database backup checksum: b31effa69e5ef9403044a46cb94e7b79164c8530392970ed080fa45f3daa304c
2025-08-30 22:43:07,509 - INFO - Starting codebase backup...
2025-08-30 22:44:04,778 - INFO - Codebase backup created: /backup/cinematch/cinematch_code_20250830_224307.tar.gz
2025-08-30 22:44:04,778 - INFO - Codebase backup size: 112805202 bytes
2025-08-30 22:44:04,778 - INFO - Codebase backup checksum: 90aca80debdd151cb170ec912e5f452019eba2848d49d9f4ce0e4e3530cc1880
2025-08-30 22:44:04,780 - INFO - Successfully copied to /mnt: /mnt/cinematch_backups/cinematch_db_20250830_224307.sql.gz
2025-08-30 22:44:05,032 - INFO - Successfully copied to /mnt: /mnt/cinematch_backups/cinematch_code_20250830_224307.tar.gz
2025-08-30 22:44:05,039 - INFO - Backup manifest created: /backup/cinematch/backup_manifest_20250830_224307.json
2025-08-30 22:44:05,040 - INFO - Full backup completed successfully
2025-08-30 22:44:05,040 - INFO - Database backup: cinematch_db_20250830_224307.sql.gz (7129 bytes)
2025-08-30 22:44:05,040 - INFO - Codebase backup: cinematch_code_20250830_224307.tar.gz (112805202 bytes)
2025-08-30 22:44:05,040 - INFO - Mount backup: Success
2025-08-31 02:00:01,602 - INFO - Mount point /mnt available, will backup to: /mnt/cinematch_backups
2025-08-31 02:00:01,602 - INFO - Starting full backup process - 20250831_020001
2025-08-31 02:00:01,602 - INFO - Starting database backup...
2025-08-31 02:00:01,738 - INFO - Database backup created: /backup/cinematch/cinematch_db_20250831_020001.sql.gz
2025-08-31 02:00:01,738 - INFO - Database backup size: 8805 bytes
2025-08-31 02:00:01,738 - INFO - Database backup checksum: 354bcea407406a9ba708422e5f2151b7499190e750da156b6898c0ec2a28ca35
2025-08-31 02:00:01,738 - INFO - Starting codebase backup...
2025-08-31 02:00:59,181 - INFO - Codebase backup created: /backup/cinematch/cinematch_code_20250831_020001.tar.gz
2025-08-31 02:00:59,181 - INFO - Codebase backup size: 112950926 bytes
2025-08-31 02:00:59,181 - INFO - Codebase backup checksum: c7af2317f2490a8d11eda5c10385f121a4246a73210f6a2f047d9232ca0decd5
2025-08-31 02:00:59,183 - INFO - Successfully copied to /mnt: /mnt/cinematch_backups/cinematch_db_20250831_020001.sql.gz
2025-08-31 02:00:59,400 - INFO - Successfully copied to /mnt: /mnt/cinematch_backups/cinematch_code_20250831_020001.tar.gz
2025-08-31 02:00:59,410 - INFO - Backup manifest created: /backup/cinematch/backup_manifest_20250831_020001.json
2025-08-31 02:00:59,410 - INFO - Full backup completed successfully
2025-08-31 02:00:59,410 - INFO - Database backup: cinematch_db_20250831_020001.sql.gz (8805 bytes)
2025-08-31 02:00:59,410 - INFO - Codebase backup: cinematch_code_20250831_020001.tar.gz (112950926 bytes)
2025-08-31 02:00:59,410 - INFO - Mount backup: Success
2025-09-01 02:06:05,564 - INFO - Mount point /mnt available, will backup to: /mnt/cinematch_backups
2025-09-01 02:06:05,564 - INFO - Starting full backup process - 20250901_020605
2025-09-01 02:06:05,564 - INFO - Starting database backup...
2025-09-01 02:06:05,686 - INFO - Database backup created: /backup/cinematch/cinematch_db_20250901_020605.sql.gz
2025-09-01 02:06:05,686 - INFO - Database backup size: 16398 bytes
2025-09-01 02:06:05,686 - INFO - Database backup checksum: 556d8b6203f3f8b470fa1ad66682265df0c262a5ca5785226cbf3fc0f6b34fa3
2025-09-01 02:06:05,686 - INFO - Starting codebase backup...
2025-09-01 02:06:51,940 - INFO - Codebase backup created: /backup/cinematch/cinematch_code_20250901_020605.tar.gz
2025-09-01 02:06:51,940 - INFO - Codebase backup size: 89365389 bytes
2025-09-01 02:06:51,940 - INFO - Codebase backup checksum: a2099979c8f93e10638cec043071d345bd74c95ec974b0df2687fd22b64873f8
2025-09-01 02:06:51,943 - INFO - Successfully copied to /mnt: /mnt/cinematch_backups/cinematch_db_20250901_020605.sql.gz
2025-09-01 02:06:52,126 - INFO - Successfully copied to /mnt: /mnt/cinematch_backups/cinematch_code_20250901_020605.tar.gz
2025-09-01 02:06:52,134 - INFO - Backup manifest created: /backup/cinematch/backup_manifest_20250901_020605.json
2025-09-01 02:06:52,134 - INFO - Full backup completed successfully
2025-09-01 02:06:52,134 - INFO - Database backup: cinematch_db_20250901_020605.sql.gz (16398 bytes)
2025-09-01 02:06:52,134 - INFO - Codebase backup: cinematch_code_20250901_020605.tar.gz (89365389 bytes)
2025-09-01 02:06:52,134 - INFO - Mount backup: Success
2025-09-01 20:39:04,461 - INFO - Mount point /mnt available, will backup to: /mnt/cinematch_backups
2025-09-01 20:39:04,461 - INFO - Starting full backup process - 20250901_203904
2025-09-01 20:39:04,461 - INFO - Starting database backup...
2025-09-01 20:39:04,658 - INFO - Database backup created: /backup/cinematch/cinematch_db_20250901_203904.sql.gz
2025-09-01 20:39:04,659 - INFO - Database backup size: 23623 bytes
2025-09-01 20:39:04,659 - INFO - Database backup checksum: 089af024c344f66b625ab16998a567f02d6640183e944f04c06ef53b85171d9a
2025-09-01 20:39:04,659 - INFO - Starting codebase backup...
